<?xml version="1.0" encoding="UTF-8"?>
<testsuite name="com.eliise.cars.dao.FakeDataDaoTest" tests="4" skipped="0" failures="0" errors="0" timestamp="2020-02-04T12:07:25" hostname="Eliises-MBP.lan" time="0.079">
  <properties/>
  <testcase name="shouldSelectCarByCarUid()" classname="com.eliise.cars.dao.FakeDataDaoTest" time="0.071"/>
  <testcase name="shouldSelectAllCars()" classname="com.eliise.cars.dao.FakeDataDaoTest" time="0.005"/>
  <testcase name="insertCar()" classname="com.eliise.cars.dao.FakeDataDaoTest" time="0.001"/>
  <testcase name="deleteCarByCarUid()" classname="com.eliise.cars.dao.FakeDataDaoTest" time="0.001"/>
  <system-out><![CDATA[]]></system-out>
  <system-err><![CDATA[]]></system-err>
</testsuite>
